
Processing configuration file C:\Lsd-7.2-stable\Work\MMM_CORE\R\External_Income\Sim_1.lsd ...

Simulation 1 of 50 running...
Simulation 1 of 50 finished at t = 500 (22.20 sec.)
Saving results in file C:\Lsd-7.2-stable\Work\MMM_CORE\R\External_Income\Sim_1_1.res.gz... Done

Simulation 2 of 50 running...
Simulation 2 of 50 finished at t = 500 (19.57 sec.)
Saving results in file C:\Lsd-7.2-stable\Work\MMM_CORE\R\External_Income\Sim_1_2.res.gz... Done

Simulation 3 of 50 running...
Simulation 3 of 50 finished at t = 500 (20.21 sec.)
Saving results in file C:\Lsd-7.2-stable\Work\MMM_CORE\R\External_Income\Sim_1_3.res.gz... Done

Simulation 4 of 50 running...
Simulation 4 of 50 finished at t = 500 (20.17 sec.)
Saving results in file C:\Lsd-7.2-stable\Work\MMM_CORE\R\External_Income\Sim_1_4.res.gz... Done

Simulation 5 of 50 running...
Simulation 5 of 50 finished at t = 500 (19.50 sec.)
Saving results in file C:\Lsd-7.2-stable\Work\MMM_CORE\R\External_Income\Sim_1_5.res.gz... Done

Simulation 6 of 50 running...
Simulation 6 of 50 finished at t = 500 (19.47 sec.)
Saving results in file C:\Lsd-7.2-stable\Work\MMM_CORE\R\External_Income\Sim_1_6.res.gz... Done

Simulation 7 of 50 running...
Simulation 7 of 50 finished at t = 500 (19.02 sec.)
Saving results in file C:\Lsd-7.2-stable\Work\MMM_CORE\R\External_Income\Sim_1_7.res.gz... Done

Simulation 8 of 50 running...
Simulation 8 of 50 finished at t = 500 (17.82 sec.)
Saving results in file C:\Lsd-7.2-stable\Work\MMM_CORE\R\External_Income\Sim_1_8.res.gz... Done

Simulation 9 of 50 running...
Simulation 9 of 50 finished at t = 500 (20.70 sec.)
Saving results in file C:\Lsd-7.2-stable\Work\MMM_CORE\R\External_Income\Sim_1_9.res.gz... Done

Simulation 10 of 50 running...
Simulation 10 of 50 finished at t = 500 (19.40 sec.)
Saving results in file C:\Lsd-7.2-stable\Work\MMM_CORE\R\External_Income\Sim_1_10.res.gz... Done

Simulation 11 of 50 running...
Simulation 11 of 50 finished at t = 500 (19.29 sec.)
Saving results in file C:\Lsd-7.2-stable\Work\MMM_CORE\R\External_Income\Sim_1_11.res.gz... Done

Simulation 12 of 50 running...
Simulation 12 of 50 finished at t = 500 (17.99 sec.)
Saving results in file C:\Lsd-7.2-stable\Work\MMM_CORE\R\External_Income\Sim_1_12.res.gz... Done

Simulation 13 of 50 running...
Simulation 13 of 50 finished at t = 500 (20.37 sec.)
Saving results in file C:\Lsd-7.2-stable\Work\MMM_CORE\R\External_Income\Sim_1_13.res.gz... Done

Simulation 14 of 50 running...
Simulation 14 of 50 finished at t = 500 (19.99 sec.)
Saving results in file C:\Lsd-7.2-stable\Work\MMM_CORE\R\External_Income\Sim_1_14.res.gz... Done

Simulation 15 of 50 running...
Simulation 15 of 50 finished at t = 500 (18.93 sec.)
Saving results in file C:\Lsd-7.2-stable\Work\MMM_CORE\R\External_Income\Sim_1_15.res.gz... Done

Simulation 16 of 50 running...
Simulation 16 of 50 finished at t = 500 (19.85 sec.)
Saving results in file C:\Lsd-7.2-stable\Work\MMM_CORE\R\External_Income\Sim_1_16.res.gz... Done

Simulation 17 of 50 running...
Simulation 17 of 50 finished at t = 500 (17.33 sec.)
Saving results in file C:\Lsd-7.2-stable\Work\MMM_CORE\R\External_Income\Sim_1_17.res.gz... Done

Simulation 18 of 50 running...
Simulation 18 of 50 finished at t = 500 (17.66 sec.)
Saving results in file C:\Lsd-7.2-stable\Work\MMM_CORE\R\External_Income\Sim_1_18.res.gz... Done

Simulation 19 of 50 running...
Simulation 19 of 50 finished at t = 500 (19.20 sec.)
Saving results in file C:\Lsd-7.2-stable\Work\MMM_CORE\R\External_Income\Sim_1_19.res.gz... Done

Simulation 20 of 50 running...
Simulation 20 of 50 finished at t = 500 (19.72 sec.)
Saving results in file C:\Lsd-7.2-stable\Work\MMM_CORE\R\External_Income\Sim_1_20.res.gz... Done

Simulation 21 of 50 running...
Simulation 21 of 50 finished at t = 500 (25.76 sec.)
Saving results in file C:\Lsd-7.2-stable\Work\MMM_CORE\R\External_Income\Sim_1_21.res.gz... Done

Simulation 22 of 50 running...
Simulation 22 of 50 finished at t = 500 (18.75 sec.)
Saving results in file C:\Lsd-7.2-stable\Work\MMM_CORE\R\External_Income\Sim_1_22.res.gz... Done

Simulation 23 of 50 running...
Simulation 23 of 50 finished at t = 500 (18.75 sec.)
Saving results in file C:\Lsd-7.2-stable\Work\MMM_CORE\R\External_Income\Sim_1_23.res.gz... Done

Simulation 24 of 50 running...
Simulation 24 of 50 finished at t = 500 (19.36 sec.)
Saving results in file C:\Lsd-7.2-stable\Work\MMM_CORE\R\External_Income\Sim_1_24.res.gz... Done

Simulation 25 of 50 running...
Simulation 25 of 50 finished at t = 500 (19.55 sec.)
Saving results in file C:\Lsd-7.2-stable\Work\MMM_CORE\R\External_Income\Sim_1_25.res.gz... Done

Simulation 26 of 50 running...
Simulation 26 of 50 finished at t = 500 (18.14 sec.)
Saving results in file C:\Lsd-7.2-stable\Work\MMM_CORE\R\External_Income\Sim_1_26.res.gz... Done

Simulation 27 of 50 running...
Simulation 27 of 50 finished at t = 500 (18.87 sec.)
Saving results in file C:\Lsd-7.2-stable\Work\MMM_CORE\R\External_Income\Sim_1_27.res.gz... Done

Simulation 28 of 50 running...
Simulation 28 of 50 finished at t = 500 (18.07 sec.)
Saving results in file C:\Lsd-7.2-stable\Work\MMM_CORE\R\External_Income\Sim_1_28.res.gz... Done

Simulation 29 of 50 running...
Simulation 29 of 50 finished at t = 500 (20.63 sec.)
Saving results in file C:\Lsd-7.2-stable\Work\MMM_CORE\R\External_Income\Sim_1_29.res.gz... Done

Simulation 30 of 50 running...
Simulation 30 of 50 finished at t = 500 (19.58 sec.)
Saving results in file C:\Lsd-7.2-stable\Work\MMM_CORE\R\External_Income\Sim_1_30.res.gz... Done

Simulation 31 of 50 running...
Simulation 31 of 50 finished at t = 500 (27.03 sec.)
Saving results in file C:\Lsd-7.2-stable\Work\MMM_CORE\R\External_Income\Sim_1_31.res.gz... Done

Simulation 32 of 50 running...
Simulation 32 of 50 finished at t = 500 (19.54 sec.)
Saving results in file C:\Lsd-7.2-stable\Work\MMM_CORE\R\External_Income\Sim_1_32.res.gz... Done

Simulation 33 of 50 running...
Simulation 33 of 50 finished at t = 500 (18.84 sec.)
Saving results in file C:\Lsd-7.2-stable\Work\MMM_CORE\R\External_Income\Sim_1_33.res.gz... Done

Simulation 34 of 50 running...
Simulation 34 of 50 finished at t = 500 (19.76 sec.)
Saving results in file C:\Lsd-7.2-stable\Work\MMM_CORE\R\External_Income\Sim_1_34.res.gz... Done

Simulation 35 of 50 running...
Simulation 35 of 50 finished at t = 500 (18.43 sec.)
Saving results in file C:\Lsd-7.2-stable\Work\MMM_CORE\R\External_Income\Sim_1_35.res.gz... Done

Simulation 36 of 50 running...
Simulation 36 of 50 finished at t = 500 (18.55 sec.)
Saving results in file C:\Lsd-7.2-stable\Work\MMM_CORE\R\External_Income\Sim_1_36.res.gz... Done

Simulation 37 of 50 running...
Simulation 37 of 50 finished at t = 500 (19.88 sec.)
Saving results in file C:\Lsd-7.2-stable\Work\MMM_CORE\R\External_Income\Sim_1_37.res.gz... Done

Simulation 38 of 50 running...
Simulation 38 of 50 finished at t = 500 (20.15 sec.)
Saving results in file C:\Lsd-7.2-stable\Work\MMM_CORE\R\External_Income\Sim_1_38.res.gz... Done

Simulation 39 of 50 running...
Simulation 39 of 50 finished at t = 500 (18.89 sec.)
Saving results in file C:\Lsd-7.2-stable\Work\MMM_CORE\R\External_Income\Sim_1_39.res.gz... Done

Simulation 40 of 50 running...
Simulation 40 of 50 finished at t = 500 (19.40 sec.)
Saving results in file C:\Lsd-7.2-stable\Work\MMM_CORE\R\External_Income\Sim_1_40.res.gz... Done

Simulation 41 of 50 running...
Simulation 41 of 50 finished at t = 500 (18.15 sec.)
Saving results in file C:\Lsd-7.2-stable\Work\MMM_CORE\R\External_Income\Sim_1_41.res.gz... Done

Simulation 42 of 50 running...
Simulation 42 of 50 finished at t = 500 (19.90 sec.)
Saving results in file C:\Lsd-7.2-stable\Work\MMM_CORE\R\External_Income\Sim_1_42.res.gz... Done

Simulation 43 of 50 running...
Simulation 43 of 50 finished at t = 500 (18.93 sec.)
Saving results in file C:\Lsd-7.2-stable\Work\MMM_CORE\R\External_Income\Sim_1_43.res.gz... Done

Simulation 44 of 50 running...
Simulation 44 of 50 finished at t = 500 (19.76 sec.)
Saving results in file C:\Lsd-7.2-stable\Work\MMM_CORE\R\External_Income\Sim_1_44.res.gz... Done

Simulation 45 of 50 running...
Simulation 45 of 50 finished at t = 500 (18.33 sec.)
Saving results in file C:\Lsd-7.2-stable\Work\MMM_CORE\R\External_Income\Sim_1_45.res.gz... Done

Simulation 46 of 50 running...
Simulation 46 of 50 finished at t = 500 (19.27 sec.)
Saving results in file C:\Lsd-7.2-stable\Work\MMM_CORE\R\External_Income\Sim_1_46.res.gz... Done

Simulation 47 of 50 running...
Simulation 47 of 50 finished at t = 500 (19.51 sec.)
Saving results in file C:\Lsd-7.2-stable\Work\MMM_CORE\R\External_Income\Sim_1_47.res.gz... Done

Simulation 48 of 50 running...
Simulation 48 of 50 finished at t = 500 (15.59 sec.)
Saving results in file C:\Lsd-7.2-stable\Work\MMM_CORE\R\External_Income\Sim_1_48.res.gz... Done

Simulation 49 of 50 running...
Simulation 49 of 50 finished at t = 500 (15.81 sec.)
Saving results in file C:\Lsd-7.2-stable\Work\MMM_CORE\R\External_Income\Sim_1_49.res.gz... Done

Simulation 50 of 50 running...
Simulation 50 of 50 finished at t = 500 (11.05 sec.)
Saving results in file C:\Lsd-7.2-stable\Work\MMM_CORE\R\External_Income\Sim_1_50.res.gz... Done

Saving totals in file C:\Lsd-7.2-stable\Work\MMM_CORE\R\External_Income\Sim_1_1_50.tot.gz... Done
