
Processing configuration file C:\Lsd-7.2-stable\Work\MMM_CORE\R\External_Income\Sim_2.lsd ...

Simulation 1 of 50 running...
Simulation 1 of 50 finished at t = 500 (21.09 sec.)
Saving results in file C:\Lsd-7.2-stable\Work\MMM_CORE\R\External_Income\Sim_2_1.res.gz... Done

Simulation 2 of 50 running...
Simulation 2 of 50 finished at t = 500 (18.34 sec.)
Saving results in file C:\Lsd-7.2-stable\Work\MMM_CORE\R\External_Income\Sim_2_2.res.gz... Done

Simulation 3 of 50 running...
Simulation 3 of 50 finished at t = 500 (18.15 sec.)
Saving results in file C:\Lsd-7.2-stable\Work\MMM_CORE\R\External_Income\Sim_2_3.res.gz... Done

Simulation 4 of 50 running...
Simulation 4 of 50 finished at t = 500 (20.35 sec.)
Saving results in file C:\Lsd-7.2-stable\Work\MMM_CORE\R\External_Income\Sim_2_4.res.gz... Done

Simulation 5 of 50 running...
Simulation 5 of 50 finished at t = 500 (18.46 sec.)
Saving results in file C:\Lsd-7.2-stable\Work\MMM_CORE\R\External_Income\Sim_2_5.res.gz... Done

Simulation 6 of 50 running...
Simulation 6 of 50 finished at t = 500 (19.18 sec.)
Saving results in file C:\Lsd-7.2-stable\Work\MMM_CORE\R\External_Income\Sim_2_6.res.gz... Done

Simulation 7 of 50 running...
Simulation 7 of 50 finished at t = 500 (17.98 sec.)
Saving results in file C:\Lsd-7.2-stable\Work\MMM_CORE\R\External_Income\Sim_2_7.res.gz... Done

Simulation 8 of 50 running...
Simulation 8 of 50 finished at t = 500 (19.45 sec.)
Saving results in file C:\Lsd-7.2-stable\Work\MMM_CORE\R\External_Income\Sim_2_8.res.gz... Done

Simulation 9 of 50 running...
Simulation 9 of 50 finished at t = 500 (18.24 sec.)
Saving results in file C:\Lsd-7.2-stable\Work\MMM_CORE\R\External_Income\Sim_2_9.res.gz... Done

Simulation 10 of 50 running...
Simulation 10 of 50 finished at t = 500 (19.55 sec.)
Saving results in file C:\Lsd-7.2-stable\Work\MMM_CORE\R\External_Income\Sim_2_10.res.gz... Done

Simulation 11 of 50 running...
Simulation 11 of 50 finished at t = 500 (18.50 sec.)
Saving results in file C:\Lsd-7.2-stable\Work\MMM_CORE\R\External_Income\Sim_2_11.res.gz... Done

Simulation 12 of 50 running...
Simulation 12 of 50 finished at t = 500 (18.24 sec.)
Saving results in file C:\Lsd-7.2-stable\Work\MMM_CORE\R\External_Income\Sim_2_12.res.gz... Done

Simulation 13 of 50 running...
Simulation 13 of 50 finished at t = 500 (18.62 sec.)
Saving results in file C:\Lsd-7.2-stable\Work\MMM_CORE\R\External_Income\Sim_2_13.res.gz... Done

Simulation 14 of 50 running...
Simulation 14 of 50 finished at t = 500 (18.58 sec.)
Saving results in file C:\Lsd-7.2-stable\Work\MMM_CORE\R\External_Income\Sim_2_14.res.gz... Done

Simulation 15 of 50 running...
Simulation 15 of 50 finished at t = 500 (17.54 sec.)
Saving results in file C:\Lsd-7.2-stable\Work\MMM_CORE\R\External_Income\Sim_2_15.res.gz... Done

Simulation 16 of 50 running...
Simulation 16 of 50 finished at t = 500 (18.10 sec.)
Saving results in file C:\Lsd-7.2-stable\Work\MMM_CORE\R\External_Income\Sim_2_16.res.gz... Done

Simulation 17 of 50 running...
Simulation 17 of 50 finished at t = 500 (19.73 sec.)
Saving results in file C:\Lsd-7.2-stable\Work\MMM_CORE\R\External_Income\Sim_2_17.res.gz... Done

Simulation 18 of 50 running...
Simulation 18 of 50 finished at t = 500 (19.22 sec.)
Saving results in file C:\Lsd-7.2-stable\Work\MMM_CORE\R\External_Income\Sim_2_18.res.gz... Done

Simulation 19 of 50 running...
Simulation 19 of 50 finished at t = 500 (18.72 sec.)
Saving results in file C:\Lsd-7.2-stable\Work\MMM_CORE\R\External_Income\Sim_2_19.res.gz... Done

Simulation 20 of 50 running...
Simulation 20 of 50 finished at t = 500 (19.98 sec.)
Saving results in file C:\Lsd-7.2-stable\Work\MMM_CORE\R\External_Income\Sim_2_20.res.gz... Done

Simulation 21 of 50 running...
Simulation 21 of 50 finished at t = 500 (25.37 sec.)
Saving results in file C:\Lsd-7.2-stable\Work\MMM_CORE\R\External_Income\Sim_2_21.res.gz... Done

Simulation 22 of 50 running...
Simulation 22 of 50 finished at t = 500 (21.99 sec.)
Saving results in file C:\Lsd-7.2-stable\Work\MMM_CORE\R\External_Income\Sim_2_22.res.gz... Done

Simulation 23 of 50 running...
Simulation 23 of 50 finished at t = 500 (18.07 sec.)
Saving results in file C:\Lsd-7.2-stable\Work\MMM_CORE\R\External_Income\Sim_2_23.res.gz... Done

Simulation 24 of 50 running...
Simulation 24 of 50 finished at t = 500 (19.03 sec.)
Saving results in file C:\Lsd-7.2-stable\Work\MMM_CORE\R\External_Income\Sim_2_24.res.gz... Done

Simulation 25 of 50 running...
Simulation 25 of 50 finished at t = 500 (19.38 sec.)
Saving results in file C:\Lsd-7.2-stable\Work\MMM_CORE\R\External_Income\Sim_2_25.res.gz... Done

Simulation 26 of 50 running...
Simulation 26 of 50 finished at t = 500 (18.22 sec.)
Saving results in file C:\Lsd-7.2-stable\Work\MMM_CORE\R\External_Income\Sim_2_26.res.gz... Done

Simulation 27 of 50 running...
Simulation 27 of 50 finished at t = 500 (18.56 sec.)
Saving results in file C:\Lsd-7.2-stable\Work\MMM_CORE\R\External_Income\Sim_2_27.res.gz... Done

Simulation 28 of 50 running...
Simulation 28 of 50 finished at t = 500 (18.72 sec.)
Saving results in file C:\Lsd-7.2-stable\Work\MMM_CORE\R\External_Income\Sim_2_28.res.gz... Done

Simulation 29 of 50 running...
Simulation 29 of 50 finished at t = 500 (19.47 sec.)
Saving results in file C:\Lsd-7.2-stable\Work\MMM_CORE\R\External_Income\Sim_2_29.res.gz... Done

Simulation 30 of 50 running...
Simulation 30 of 50 finished at t = 500 (17.17 sec.)
Saving results in file C:\Lsd-7.2-stable\Work\MMM_CORE\R\External_Income\Sim_2_30.res.gz... Done

Simulation 31 of 50 running...
Simulation 31 of 50 finished at t = 500 (20.08 sec.)
Saving results in file C:\Lsd-7.2-stable\Work\MMM_CORE\R\External_Income\Sim_2_31.res.gz... Done

Simulation 32 of 50 running...
Simulation 32 of 50 finished at t = 500 (23.75 sec.)
Saving results in file C:\Lsd-7.2-stable\Work\MMM_CORE\R\External_Income\Sim_2_32.res.gz... Done

Simulation 33 of 50 running...
Simulation 33 of 50 finished at t = 500 (18.29 sec.)
Saving results in file C:\Lsd-7.2-stable\Work\MMM_CORE\R\External_Income\Sim_2_33.res.gz... Done

Simulation 34 of 50 running...
Simulation 34 of 50 finished at t = 500 (18.30 sec.)
Saving results in file C:\Lsd-7.2-stable\Work\MMM_CORE\R\External_Income\Sim_2_34.res.gz... Done

Simulation 35 of 50 running...
Simulation 35 of 50 finished at t = 500 (19.03 sec.)
Saving results in file C:\Lsd-7.2-stable\Work\MMM_CORE\R\External_Income\Sim_2_35.res.gz... Done

Simulation 36 of 50 running...
Simulation 36 of 50 finished at t = 500 (18.34 sec.)
Saving results in file C:\Lsd-7.2-stable\Work\MMM_CORE\R\External_Income\Sim_2_36.res.gz... Done

Simulation 37 of 50 running...
Simulation 37 of 50 finished at t = 500 (18.81 sec.)
Saving results in file C:\Lsd-7.2-stable\Work\MMM_CORE\R\External_Income\Sim_2_37.res.gz... Done

Simulation 38 of 50 running...
Simulation 38 of 50 finished at t = 500 (18.32 sec.)
Saving results in file C:\Lsd-7.2-stable\Work\MMM_CORE\R\External_Income\Sim_2_38.res.gz... Done

Simulation 39 of 50 running...
Simulation 39 of 50 finished at t = 500 (18.49 sec.)
Saving results in file C:\Lsd-7.2-stable\Work\MMM_CORE\R\External_Income\Sim_2_39.res.gz... Done

Simulation 40 of 50 running...
Simulation 40 of 50 finished at t = 500 (20.03 sec.)
Saving results in file C:\Lsd-7.2-stable\Work\MMM_CORE\R\External_Income\Sim_2_40.res.gz... Done

Simulation 41 of 50 running...
Simulation 41 of 50 finished at t = 500 (19.25 sec.)
Saving results in file C:\Lsd-7.2-stable\Work\MMM_CORE\R\External_Income\Sim_2_41.res.gz... Done

Simulation 42 of 50 running...
Simulation 42 of 50 finished at t = 500 (17.47 sec.)
Saving results in file C:\Lsd-7.2-stable\Work\MMM_CORE\R\External_Income\Sim_2_42.res.gz... Done

Simulation 43 of 50 running...
Simulation 43 of 50 finished at t = 500 (18.70 sec.)
Saving results in file C:\Lsd-7.2-stable\Work\MMM_CORE\R\External_Income\Sim_2_43.res.gz... Done

Simulation 44 of 50 running...
Simulation 44 of 50 finished at t = 500 (18.81 sec.)
Saving results in file C:\Lsd-7.2-stable\Work\MMM_CORE\R\External_Income\Sim_2_44.res.gz... Done

Simulation 45 of 50 running...
Simulation 45 of 50 finished at t = 500 (18.57 sec.)
Saving results in file C:\Lsd-7.2-stable\Work\MMM_CORE\R\External_Income\Sim_2_45.res.gz... Done

Simulation 46 of 50 running...
Simulation 46 of 50 finished at t = 500 (18.75 sec.)
Saving results in file C:\Lsd-7.2-stable\Work\MMM_CORE\R\External_Income\Sim_2_46.res.gz... Done

Simulation 47 of 50 running...
Simulation 47 of 50 finished at t = 500 (18.44 sec.)
Saving results in file C:\Lsd-7.2-stable\Work\MMM_CORE\R\External_Income\Sim_2_47.res.gz... Done

Simulation 48 of 50 running...
Simulation 48 of 50 finished at t = 500 (19.21 sec.)
Saving results in file C:\Lsd-7.2-stable\Work\MMM_CORE\R\External_Income\Sim_2_48.res.gz... Done

Simulation 49 of 50 running...
Simulation 49 of 50 finished at t = 500 (17.78 sec.)
Saving results in file C:\Lsd-7.2-stable\Work\MMM_CORE\R\External_Income\Sim_2_49.res.gz... Done

Simulation 50 of 50 running...
Simulation 50 of 50 finished at t = 500 (15.38 sec.)
Saving results in file C:\Lsd-7.2-stable\Work\MMM_CORE\R\External_Income\Sim_2_50.res.gz... Done

Saving totals in file C:\Lsd-7.2-stable\Work\MMM_CORE\R\External_Income\Sim_2_1_50.tot.gz... Done
