
Processing configuration file C:\Lsd-7.2-stable\Work\MMM_CORE\R\External_Income\Sim_3.lsd ...

Simulation 1 of 50 running...
Simulation 1 of 50 finished at t = 500 (22.63 sec.)
Saving results in file C:\Lsd-7.2-stable\Work\MMM_CORE\R\External_Income\Sim_3_1.res.gz... Done

Simulation 2 of 50 running...
Simulation 2 of 50 finished at t = 500 (16.79 sec.)
Saving results in file C:\Lsd-7.2-stable\Work\MMM_CORE\R\External_Income\Sim_3_2.res.gz... Done

Simulation 3 of 50 running...
Simulation 3 of 50 finished at t = 500 (16.46 sec.)
Saving results in file C:\Lsd-7.2-stable\Work\MMM_CORE\R\External_Income\Sim_3_3.res.gz... Done

Simulation 4 of 50 running...
Simulation 4 of 50 finished at t = 500 (18.80 sec.)
Saving results in file C:\Lsd-7.2-stable\Work\MMM_CORE\R\External_Income\Sim_3_4.res.gz... Done

Simulation 5 of 50 running...
Simulation 5 of 50 finished at t = 500 (18.34 sec.)
Saving results in file C:\Lsd-7.2-stable\Work\MMM_CORE\R\External_Income\Sim_3_5.res.gz... Done

Simulation 6 of 50 running...
Simulation 6 of 50 finished at t = 500 (17.16 sec.)
Saving results in file C:\Lsd-7.2-stable\Work\MMM_CORE\R\External_Income\Sim_3_6.res.gz... Done

Simulation 7 of 50 running...
Simulation 7 of 50 finished at t = 500 (18.89 sec.)
Saving results in file C:\Lsd-7.2-stable\Work\MMM_CORE\R\External_Income\Sim_3_7.res.gz... Done

Simulation 8 of 50 running...
Simulation 8 of 50 finished at t = 500 (18.81 sec.)
Saving results in file C:\Lsd-7.2-stable\Work\MMM_CORE\R\External_Income\Sim_3_8.res.gz... Done

Simulation 9 of 50 running...
Simulation 9 of 50 finished at t = 500 (17.05 sec.)
Saving results in file C:\Lsd-7.2-stable\Work\MMM_CORE\R\External_Income\Sim_3_9.res.gz... Done

Simulation 10 of 50 running...
Simulation 10 of 50 finished at t = 500 (18.36 sec.)
Saving results in file C:\Lsd-7.2-stable\Work\MMM_CORE\R\External_Income\Sim_3_10.res.gz... Done

Simulation 11 of 50 running...
Simulation 11 of 50 finished at t = 500 (18.30 sec.)
Saving results in file C:\Lsd-7.2-stable\Work\MMM_CORE\R\External_Income\Sim_3_11.res.gz... Done

Simulation 12 of 50 running...
Simulation 12 of 50 finished at t = 500 (18.17 sec.)
Saving results in file C:\Lsd-7.2-stable\Work\MMM_CORE\R\External_Income\Sim_3_12.res.gz... Done

Simulation 13 of 50 running...
Simulation 13 of 50 finished at t = 500 (17.68 sec.)
Saving results in file C:\Lsd-7.2-stable\Work\MMM_CORE\R\External_Income\Sim_3_13.res.gz... Done

Simulation 14 of 50 running...
Simulation 14 of 50 finished at t = 500 (18.62 sec.)
Saving results in file C:\Lsd-7.2-stable\Work\MMM_CORE\R\External_Income\Sim_3_14.res.gz... Done

Simulation 15 of 50 running...
Simulation 15 of 50 finished at t = 500 (17.23 sec.)
Saving results in file C:\Lsd-7.2-stable\Work\MMM_CORE\R\External_Income\Sim_3_15.res.gz... Done

Simulation 16 of 50 running...
Simulation 16 of 50 finished at t = 500 (18.23 sec.)
Saving results in file C:\Lsd-7.2-stable\Work\MMM_CORE\R\External_Income\Sim_3_16.res.gz... Done

Simulation 17 of 50 running...
Simulation 17 of 50 finished at t = 500 (18.36 sec.)
Saving results in file C:\Lsd-7.2-stable\Work\MMM_CORE\R\External_Income\Sim_3_17.res.gz... Done

Simulation 18 of 50 running...
Simulation 18 of 50 finished at t = 500 (19.60 sec.)
Saving results in file C:\Lsd-7.2-stable\Work\MMM_CORE\R\External_Income\Sim_3_18.res.gz... Done

Simulation 19 of 50 running...
Simulation 19 of 50 finished at t = 500 (17.24 sec.)
Saving results in file C:\Lsd-7.2-stable\Work\MMM_CORE\R\External_Income\Sim_3_19.res.gz... Done

Simulation 20 of 50 running...
Simulation 20 of 50 finished at t = 500 (18.54 sec.)
Saving results in file C:\Lsd-7.2-stable\Work\MMM_CORE\R\External_Income\Sim_3_20.res.gz... Done

Simulation 21 of 50 running...
Simulation 21 of 50 finished at t = 500 (18.39 sec.)
Saving results in file C:\Lsd-7.2-stable\Work\MMM_CORE\R\External_Income\Sim_3_21.res.gz... Done

Simulation 22 of 50 running...
Simulation 22 of 50 finished at t = 500 (25.80 sec.)
Saving results in file C:\Lsd-7.2-stable\Work\MMM_CORE\R\External_Income\Sim_3_22.res.gz... Done

Simulation 23 of 50 running...
Simulation 23 of 50 finished at t = 500 (17.17 sec.)
Saving results in file C:\Lsd-7.2-stable\Work\MMM_CORE\R\External_Income\Sim_3_23.res.gz... Done

Simulation 24 of 50 running...
Simulation 24 of 50 finished at t = 500 (18.97 sec.)
Saving results in file C:\Lsd-7.2-stable\Work\MMM_CORE\R\External_Income\Sim_3_24.res.gz... Done

Simulation 25 of 50 running...
Simulation 25 of 50 finished at t = 500 (18.78 sec.)
Saving results in file C:\Lsd-7.2-stable\Work\MMM_CORE\R\External_Income\Sim_3_25.res.gz... Done

Simulation 26 of 50 running...
Simulation 26 of 50 finished at t = 500 (19.24 sec.)
Saving results in file C:\Lsd-7.2-stable\Work\MMM_CORE\R\External_Income\Sim_3_26.res.gz... Done

Simulation 27 of 50 running...
Simulation 27 of 50 finished at t = 500 (18.00 sec.)
Saving results in file C:\Lsd-7.2-stable\Work\MMM_CORE\R\External_Income\Sim_3_27.res.gz... Done

Simulation 28 of 50 running...
Simulation 28 of 50 finished at t = 500 (17.29 sec.)
Saving results in file C:\Lsd-7.2-stable\Work\MMM_CORE\R\External_Income\Sim_3_28.res.gz... Done

Simulation 29 of 50 running...
Simulation 29 of 50 finished at t = 500 (18.16 sec.)
Saving results in file C:\Lsd-7.2-stable\Work\MMM_CORE\R\External_Income\Sim_3_29.res.gz... Done

Simulation 30 of 50 running...
Simulation 30 of 50 finished at t = 500 (16.99 sec.)
Saving results in file C:\Lsd-7.2-stable\Work\MMM_CORE\R\External_Income\Sim_3_30.res.gz... Done

Simulation 31 of 50 running...
Simulation 31 of 50 finished at t = 500 (19.23 sec.)
Saving results in file C:\Lsd-7.2-stable\Work\MMM_CORE\R\External_Income\Sim_3_31.res.gz... Done

Simulation 32 of 50 running...
Simulation 32 of 50 finished at t = 500 (20.61 sec.)
Saving results in file C:\Lsd-7.2-stable\Work\MMM_CORE\R\External_Income\Sim_3_32.res.gz... Done

Simulation 33 of 50 running...
Simulation 33 of 50 finished at t = 500 (23.49 sec.)
Saving results in file C:\Lsd-7.2-stable\Work\MMM_CORE\R\External_Income\Sim_3_33.res.gz... Done

Simulation 34 of 50 running...
Simulation 34 of 50 finished at t = 500 (16.94 sec.)
Saving results in file C:\Lsd-7.2-stable\Work\MMM_CORE\R\External_Income\Sim_3_34.res.gz... Done

Simulation 35 of 50 running...
Simulation 35 of 50 finished at t = 500 (18.69 sec.)
Saving results in file C:\Lsd-7.2-stable\Work\MMM_CORE\R\External_Income\Sim_3_35.res.gz... Done

Simulation 36 of 50 running...
Simulation 36 of 50 finished at t = 500 (16.79 sec.)
Saving results in file C:\Lsd-7.2-stable\Work\MMM_CORE\R\External_Income\Sim_3_36.res.gz... Done

Simulation 37 of 50 running...
Simulation 37 of 50 finished at t = 500 (18.36 sec.)
Saving results in file C:\Lsd-7.2-stable\Work\MMM_CORE\R\External_Income\Sim_3_37.res.gz... Done

Simulation 38 of 50 running...
Simulation 38 of 50 finished at t = 500 (18.23 sec.)
Saving results in file C:\Lsd-7.2-stable\Work\MMM_CORE\R\External_Income\Sim_3_38.res.gz... Done

Simulation 39 of 50 running...
Simulation 39 of 50 finished at t = 500 (17.49 sec.)
Saving results in file C:\Lsd-7.2-stable\Work\MMM_CORE\R\External_Income\Sim_3_39.res.gz... Done

Simulation 40 of 50 running...
Simulation 40 of 50 finished at t = 500 (19.25 sec.)
Saving results in file C:\Lsd-7.2-stable\Work\MMM_CORE\R\External_Income\Sim_3_40.res.gz... Done

Simulation 41 of 50 running...
Simulation 41 of 50 finished at t = 500 (17.26 sec.)
Saving results in file C:\Lsd-7.2-stable\Work\MMM_CORE\R\External_Income\Sim_3_41.res.gz... Done

Simulation 42 of 50 running...
Simulation 42 of 50 finished at t = 500 (16.80 sec.)
Saving results in file C:\Lsd-7.2-stable\Work\MMM_CORE\R\External_Income\Sim_3_42.res.gz... Done

Simulation 43 of 50 running...
Simulation 43 of 50 finished at t = 500 (18.50 sec.)
Saving results in file C:\Lsd-7.2-stable\Work\MMM_CORE\R\External_Income\Sim_3_43.res.gz... Done

Simulation 44 of 50 running...
Simulation 44 of 50 finished at t = 500 (17.70 sec.)
Saving results in file C:\Lsd-7.2-stable\Work\MMM_CORE\R\External_Income\Sim_3_44.res.gz... Done

Simulation 45 of 50 running...
Simulation 45 of 50 finished at t = 500 (19.58 sec.)
Saving results in file C:\Lsd-7.2-stable\Work\MMM_CORE\R\External_Income\Sim_3_45.res.gz... Done

Simulation 46 of 50 running...
Simulation 46 of 50 finished at t = 500 (18.01 sec.)
Saving results in file C:\Lsd-7.2-stable\Work\MMM_CORE\R\External_Income\Sim_3_46.res.gz... Done

Simulation 47 of 50 running...
Simulation 47 of 50 finished at t = 500 (18.80 sec.)
Saving results in file C:\Lsd-7.2-stable\Work\MMM_CORE\R\External_Income\Sim_3_47.res.gz... Done

Simulation 48 of 50 running...
Simulation 48 of 50 finished at t = 500 (18.57 sec.)
Saving results in file C:\Lsd-7.2-stable\Work\MMM_CORE\R\External_Income\Sim_3_48.res.gz... Done

Simulation 49 of 50 running...
Simulation 49 of 50 finished at t = 500 (19.16 sec.)
Saving results in file C:\Lsd-7.2-stable\Work\MMM_CORE\R\External_Income\Sim_3_49.res.gz... Done

Simulation 50 of 50 running...
Simulation 50 of 50 finished at t = 500 (18.66 sec.)
Saving results in file C:\Lsd-7.2-stable\Work\MMM_CORE\R\External_Income\Sim_3_50.res.gz... Done

Saving totals in file C:\Lsd-7.2-stable\Work\MMM_CORE\R\External_Income\Sim_3_1_50.tot.gz... Done
