
Processing configuration file C:\Users\thttn\LSD\Work\UFRJ-MMM_CORE\Sim_1.lsd ...

Simulation 1 of 10 running...
Simulation 1 of 10 finished at case 600 (9.26 sec.)
Saving results to file C:\Users\thttn\LSD\Work\UFRJ-MMM_CORE\Sim_1_1.res.gz... Done

Simulation 2 of 10 running...
Simulation 2 of 10 finished at case 600 (9.95 sec.)
Saving results to file C:\Users\thttn\LSD\Work\UFRJ-MMM_CORE\Sim_1_2.res.gz... Done

Simulation 3 of 10 running...
Simulation 3 of 10 finished at case 600 (9.58 sec.)
Saving results to file C:\Users\thttn\LSD\Work\UFRJ-MMM_CORE\Sim_1_3.res.gz... Done

Simulation 4 of 10 running...
Simulation 4 of 10 finished at case 600 (9.59 sec.)
Saving results to file C:\Users\thttn\LSD\Work\UFRJ-MMM_CORE\Sim_1_4.res.gz... Done

Simulation 5 of 10 running...
Simulation 5 of 10 finished at case 600 (9.14 sec.)
Saving results to file C:\Users\thttn\LSD\Work\UFRJ-MMM_CORE\Sim_1_5.res.gz... Done

Simulation 6 of 10 running...
Simulation 6 of 10 finished at case 600 (10.11 sec.)
Saving results to file C:\Users\thttn\LSD\Work\UFRJ-MMM_CORE\Sim_1_6.res.gz... Done

Simulation 7 of 10 running...
Simulation 7 of 10 finished at case 600 (8.95 sec.)
Saving results to file C:\Users\thttn\LSD\Work\UFRJ-MMM_CORE\Sim_1_7.res.gz... Done

Simulation 8 of 10 running...
Simulation 8 of 10 finished at case 600 (9.42 sec.)
Saving results to file C:\Users\thttn\LSD\Work\UFRJ-MMM_CORE\Sim_1_8.res.gz... Done

Simulation 9 of 10 running...
Simulation 9 of 10 finished at case 600 (8.64 sec.)
Saving results to file C:\Users\thttn\LSD\Work\UFRJ-MMM_CORE\Sim_1_9.res.gz... Done

Simulation 10 of 10 running...
Simulation 10 of 10 finished at case 600 (9.34 sec.)
Saving results to file C:\Users\thttn\LSD\Work\UFRJ-MMM_CORE\Sim_1_10.res.gz... Done

Saving totals to file C:\Users\thttn\LSD\Work\UFRJ-MMM_CORE\Sim_1_1_10.tot.gz... Done
