
Processing configuration file C:\Users\thttn\LSD\Work\UFRJ-MMM_CORE\Sim_2.lsd ...

Simulation 1 of 10 running...
Simulation 1 of 10 finished at case 600 (7.68 sec.)
Saving results to file C:\Users\thttn\LSD\Work\UFRJ-MMM_CORE\Sim_2_1.res.gz... Done

Simulation 2 of 10 running...
Simulation 2 of 10 finished at case 600 (7.27 sec.)
Saving results to file C:\Users\thttn\LSD\Work\UFRJ-MMM_CORE\Sim_2_2.res.gz... Done

Simulation 3 of 10 running...
Simulation 3 of 10 finished at case 600 (7.69 sec.)
Saving results to file C:\Users\thttn\LSD\Work\UFRJ-MMM_CORE\Sim_2_3.res.gz... Done

Simulation 4 of 10 running...
Simulation 4 of 10 finished at case 600 (7.03 sec.)
Saving results to file C:\Users\thttn\LSD\Work\UFRJ-MMM_CORE\Sim_2_4.res.gz... Done

Simulation 5 of 10 running...
Simulation 5 of 10 finished at case 600 (7.15 sec.)
Saving results to file C:\Users\thttn\LSD\Work\UFRJ-MMM_CORE\Sim_2_5.res.gz... Done

Simulation 6 of 10 running...
Simulation 6 of 10 finished at case 600 (7.24 sec.)
Saving results to file C:\Users\thttn\LSD\Work\UFRJ-MMM_CORE\Sim_2_6.res.gz... Done

Simulation 7 of 10 running...
Simulation 7 of 10 finished at case 600 (7.21 sec.)
Saving results to file C:\Users\thttn\LSD\Work\UFRJ-MMM_CORE\Sim_2_7.res.gz... Done

Simulation 8 of 10 running...
Simulation 8 of 10 finished at case 600 (7.55 sec.)
Saving results to file C:\Users\thttn\LSD\Work\UFRJ-MMM_CORE\Sim_2_8.res.gz... Done

Simulation 9 of 10 running...
Simulation 9 of 10 finished at case 600 (7.12 sec.)
Saving results to file C:\Users\thttn\LSD\Work\UFRJ-MMM_CORE\Sim_2_9.res.gz... Done

Simulation 10 of 10 running...
Simulation 10 of 10 finished at case 600 (6.84 sec.)
Saving results to file C:\Users\thttn\LSD\Work\UFRJ-MMM_CORE\Sim_2_10.res.gz... Done

Saving totals to file C:\Users\thttn\LSD\Work\UFRJ-MMM_CORE\Sim_2_1_10.tot.gz... Done
