
Processing configuration file C:\Users\thttn\LSD\Work\UFRJ-MMM_CORE\Sim_3.lsd ...

Simulation 1 of 10 running...
Simulation 1 of 10 finished at case 600 (6.40 sec.)
Saving results to file C:\Users\thttn\LSD\Work\UFRJ-MMM_CORE\Sim_3_1.res.gz... Done

Simulation 2 of 10 running...
Simulation 2 of 10 finished at case 600 (6.00 sec.)
Saving results to file C:\Users\thttn\LSD\Work\UFRJ-MMM_CORE\Sim_3_2.res.gz... Done

Simulation 3 of 10 running...
Simulation 3 of 10 finished at case 600 (5.70 sec.)
Saving results to file C:\Users\thttn\LSD\Work\UFRJ-MMM_CORE\Sim_3_3.res.gz... Done

Simulation 4 of 10 running...
Simulation 4 of 10 finished at case 600 (6.01 sec.)
Saving results to file C:\Users\thttn\LSD\Work\UFRJ-MMM_CORE\Sim_3_4.res.gz... Done

Simulation 5 of 10 running...
Simulation 5 of 10 finished at case 600 (6.43 sec.)
Saving results to file C:\Users\thttn\LSD\Work\UFRJ-MMM_CORE\Sim_3_5.res.gz... Done

Simulation 6 of 10 running...
Simulation 6 of 10 finished at case 600 (6.43 sec.)
Saving results to file C:\Users\thttn\LSD\Work\UFRJ-MMM_CORE\Sim_3_6.res.gz... Done

Simulation 7 of 10 running...
Simulation 7 of 10 finished at case 600 (5.95 sec.)
Saving results to file C:\Users\thttn\LSD\Work\UFRJ-MMM_CORE\Sim_3_7.res.gz... Done

Simulation 8 of 10 running...
Simulation 8 of 10 finished at case 600 (5.76 sec.)
Saving results to file C:\Users\thttn\LSD\Work\UFRJ-MMM_CORE\Sim_3_8.res.gz... Done

Simulation 9 of 10 running...
Simulation 9 of 10 finished at case 600 (5.86 sec.)
Saving results to file C:\Users\thttn\LSD\Work\UFRJ-MMM_CORE\Sim_3_9.res.gz... Done

Simulation 10 of 10 running...
Simulation 10 of 10 finished at case 600 (6.08 sec.)
Saving results to file C:\Users\thttn\LSD\Work\UFRJ-MMM_CORE\Sim_3_10.res.gz... Done

Saving totals to file C:\Users\thttn\LSD\Work\UFRJ-MMM_CORE\Sim_3_1_10.tot.gz... Done
