
Processing configuration file C:\Users\thttn\LSD\Work\UFRJ-MMM_CORE\Sim_4.lsd ...

Simulation 1 of 10 running...
Simulation 1 of 10 finished at case 600 (27.95 sec.)
Saving results to file C:\Users\thttn\LSD\Work\UFRJ-MMM_CORE\Sim_4_1.res.gz... Done

Simulation 2 of 10 running...
Simulation 2 of 10 finished at case 600 (26.87 sec.)
Saving results to file C:\Users\thttn\LSD\Work\UFRJ-MMM_CORE\Sim_4_2.res.gz... Done

Simulation 3 of 10 running...
Simulation 3 of 10 finished at case 600 (26.83 sec.)
Saving results to file C:\Users\thttn\LSD\Work\UFRJ-MMM_CORE\Sim_4_3.res.gz... Done

Simulation 4 of 10 running...
Simulation 4 of 10 finished at case 600 (27.13 sec.)
Saving results to file C:\Users\thttn\LSD\Work\UFRJ-MMM_CORE\Sim_4_4.res.gz... Done

Simulation 5 of 10 running...
Simulation 5 of 10 finished at case 600 (26.21 sec.)
Saving results to file C:\Users\thttn\LSD\Work\UFRJ-MMM_CORE\Sim_4_5.res.gz... Done

Simulation 6 of 10 running...
Simulation 6 of 10 finished at case 600 (25.50 sec.)
Saving results to file C:\Users\thttn\LSD\Work\UFRJ-MMM_CORE\Sim_4_6.res.gz... Done

Simulation 7 of 10 running...
Simulation 7 of 10 finished at case 600 (26.34 sec.)
Saving results to file C:\Users\thttn\LSD\Work\UFRJ-MMM_CORE\Sim_4_7.res.gz... Done

Simulation 8 of 10 running...
Simulation 8 of 10 finished at case 600 (26.52 sec.)
Saving results to file C:\Users\thttn\LSD\Work\UFRJ-MMM_CORE\Sim_4_8.res.gz... Done

Simulation 9 of 10 running...
Simulation 9 of 10 finished at case 600 (27.16 sec.)
Saving results to file C:\Users\thttn\LSD\Work\UFRJ-MMM_CORE\Sim_4_9.res.gz... Done

Simulation 10 of 10 running...
Simulation 10 of 10 finished at case 600 (27.60 sec.)
Saving results to file C:\Users\thttn\LSD\Work\UFRJ-MMM_CORE\Sim_4_10.res.gz... Done

Saving totals to file C:\Users\thttn\LSD\Work\UFRJ-MMM_CORE\Sim_4_1_10.tot.gz... Done
